<?xml version="1.0" encoding="UTF-8"?>
<!-- Generated by org.testng.reporters.JUnitReportReporter -->
<testsuite hostname="DELL" failures="0" tests="1" name="testcases.TC1_Registration" time="10.883" errors="0" timestamp="2024-12-06T07:52:15 IST" skipped="0">
  <testcase classname="testcases.TC1_Registration" name="testUserRegistration" time="10.883"/>
</testsuite> <!-- testcases.TC1_Registration -->
