<?xml version="1.0" encoding="UTF-8"?>
<!-- Generated by org.testng.reporters.JUnitReportReporter -->
<testsuite hostname="DELL" failures="0" tests="1" name="testcases.TC2_Login" time="7.590" errors="0" timestamp="2024-12-06T07:52:15 IST" skipped="0">
  <testcase classname="testcases.TC2_Login" name="testLoginWithValidCredentials" time="7.590"/>
</testsuite> <!-- testcases.TC2_Login -->
